D:\DEVELOP_C++\FFMPEG2010GOOD\IVFDPLAYER\IVFDACTIVEXN\IVFDACTIVEXN\DEBUG\CHANELWIDGET.OBJ
D:\develop_c++\ffmpeg2010good\IVFDPlayer\IVFDActiveXN\IVFDActiveXN\Debug\cl.command.1.tlog
D:\develop_c++\ffmpeg2010good\IVFDPlayer\IVFDActiveXN\IVFDActiveXN\Debug\CL.read.1.tlog
D:\develop_c++\ffmpeg2010good\IVFDPlayer\IVFDActiveXN\IVFDActiveXN\Debug\CL.write.1.tlog
D:\develop_c++\ffmpeg2010good\IVFDPlayer\IVFDActiveXN\IVFDActiveXN\Debug\custombuild.command.1.tlog
D:\develop_c++\ffmpeg2010good\IVFDPlayer\IVFDActiveXN\IVFDActiveXN\Debug\custombuild.read.1.tlog
D:\develop_c++\ffmpeg2010good\IVFDPlayer\IVFDActiveXN\IVFDActiveXN\Debug\custombuild.write.1.tlog
D:\DEVELOP_C++\FFMPEG2010GOOD\IVFDPLAYER\IVFDACTIVEXN\IVFDACTIVEXN\DEBUG\IVFDACTIVEXN.EXE.INTERMEDIATE.MANIFEST
D:\DEVELOP_C++\FFMPEG2010GOOD\IVFDPLAYER\IVFDACTIVEXN\IVFDACTIVEXN\DEBUG\IVFDACTIVEXN.OBJ
D:\DEVELOP_C++\FFMPEG2010GOOD\IVFDPLAYER\IVFDACTIVEXN\IVFDACTIVEXN\DEBUG\IVFDACTIVEXN.RES
D:\develop_c++\ffmpeg2010good\IVFDPlayer\IVFDActiveXN\IVFDActiveXN\Debug\IVFDActiveXN.vcxprojResolveAssemblyReference.cache
D:\develop_c++\ffmpeg2010good\IVFDPlayer\IVFDActiveXN\IVFDActiveXN\Debug\IVFDActiveXN.write.1.tlog
D:\DEVELOP_C++\FFMPEG2010GOOD\IVFDPLAYER\IVFDACTIVEXN\IVFDACTIVEXN\DEBUG\IVFDCALIBRATE.OBJ
D:\DEVELOP_C++\FFMPEG2010GOOD\IVFDPLAYER\IVFDACTIVEXN\IVFDACTIVEXN\DEBUG\IVFDCHART.OBJ
D:\DEVELOP_C++\FFMPEG2010GOOD\IVFDPLAYER\IVFDACTIVEXN\IVFDACTIVEXN\DEBUG\IVFDCOMMAND.OBJ
D:\DEVELOP_C++\FFMPEG2010GOOD\IVFDPLAYER\IVFDACTIVEXN\IVFDACTIVEXN\DEBUG\IVFDDATABASE.OBJ
D:\DEVELOP_C++\FFMPEG2010GOOD\IVFDPLAYER\IVFDACTIVEXN\IVFDACTIVEXN\DEBUG\IVFDDIARYQUERRY.OBJ
D:\DEVELOP_C++\FFMPEG2010GOOD\IVFDPLAYER\IVFDACTIVEXN\IVFDACTIVEXN\DEBUG\IVFDDRIVERS.OBJ
D:\DEVELOP_C++\FFMPEG2010GOOD\IVFDPLAYER\IVFDACTIVEXN\IVFDACTIVEXN\DEBUG\IVFDRTSPPLAYER.OBJ
D:\DEVELOP_C++\FFMPEG2010GOOD\IVFDPLAYER\IVFDACTIVEXN\IVFDACTIVEXN\DEBUG\IVFDSELFREBOOTSET.OBJ
D:\DEVELOP_C++\FFMPEG2010GOOD\IVFDPLAYER\IVFDACTIVEXN\IVFDACTIVEXN\DEBUG\IVFDTCPCLIENT.OBJ
D:\DEVELOP_C++\FFMPEG2010GOOD\IVFDPLAYER\IVFDACTIVEXN\IVFDACTIVEXN\DEBUG\IVFDTCPSERVER.OBJ
D:\develop_c++\ffmpeg2010good\IVFDPlayer\IVFDActiveXN\IVFDActiveXN\Debug\link.command.1.tlog
D:\develop_c++\ffmpeg2010good\IVFDPlayer\IVFDActiveXN\IVFDActiveXN\Debug\link.read.1.tlog
D:\develop_c++\ffmpeg2010good\IVFDPlayer\IVFDActiveXN\IVFDActiveXN\Debug\link.write.1.tlog
D:\develop_c++\ffmpeg2010good\IVFDPlayer\IVFDActiveXN\IVFDActiveXN\Debug\link-cvtres.read.1.tlog
D:\develop_c++\ffmpeg2010good\IVFDPlayer\IVFDActiveXN\IVFDActiveXN\Debug\link-cvtres.write.1.tlog
D:\DEVELOP_C++\FFMPEG2010GOOD\IVFDPLAYER\IVFDACTIVEXN\IVFDACTIVEXN\DEBUG\LOGINWIDGET.OBJ
D:\DEVELOP_C++\FFMPEG2010GOOD\IVFDPLAYER\IVFDACTIVEXN\IVFDACTIVEXN\DEBUG\MAIN.OBJ
D:\DEVELOP_C++\FFMPEG2010GOOD\IVFDPLAYER\IVFDACTIVEXN\IVFDACTIVEXN\DEBUG\MOC_CHANELWIDGET.OBJ
D:\DEVELOP_C++\FFMPEG2010GOOD\IVFDPLAYER\IVFDACTIVEXN\IVFDACTIVEXN\DEBUG\MOC_IVFDACTIVEXN.OBJ
D:\DEVELOP_C++\FFMPEG2010GOOD\IVFDPLAYER\IVFDACTIVEXN\IVFDACTIVEXN\DEBUG\MOC_IVFDCALIBRATE.OBJ
D:\DEVELOP_C++\FFMPEG2010GOOD\IVFDPLAYER\IVFDACTIVEXN\IVFDACTIVEXN\DEBUG\MOC_IVFDCHART.OBJ
D:\DEVELOP_C++\FFMPEG2010GOOD\IVFDPLAYER\IVFDACTIVEXN\IVFDACTIVEXN\DEBUG\MOC_IVFDCOMMAND.OBJ
D:\DEVELOP_C++\FFMPEG2010GOOD\IVFDPLAYER\IVFDACTIVEXN\IVFDACTIVEXN\DEBUG\MOC_IVFDDATABASE.OBJ
D:\DEVELOP_C++\FFMPEG2010GOOD\IVFDPLAYER\IVFDACTIVEXN\IVFDACTIVEXN\DEBUG\MOC_IVFDDIARYQUERRY.OBJ
D:\DEVELOP_C++\FFMPEG2010GOOD\IVFDPLAYER\IVFDACTIVEXN\IVFDACTIVEXN\DEBUG\MOC_IVFDRTSPPLAYER.OBJ
D:\DEVELOP_C++\FFMPEG2010GOOD\IVFDPLAYER\IVFDACTIVEXN\IVFDACTIVEXN\DEBUG\MOC_IVFDSELFREBOOTSET.OBJ
D:\DEVELOP_C++\FFMPEG2010GOOD\IVFDPLAYER\IVFDACTIVEXN\IVFDACTIVEXN\DEBUG\MOC_IVFDTCPCLIENT.OBJ
D:\DEVELOP_C++\FFMPEG2010GOOD\IVFDPLAYER\IVFDACTIVEXN\IVFDACTIVEXN\DEBUG\MOC_IVFDTCPSERVER.OBJ
D:\DEVELOP_C++\FFMPEG2010GOOD\IVFDPLAYER\IVFDACTIVEXN\IVFDACTIVEXN\DEBUG\MOC_LOGINWIDGET.OBJ
D:\develop_c++\ffmpeg2010good\IVFDPlayer\IVFDActiveXN\IVFDActiveXN\Debug\mt.command.1.tlog
D:\develop_c++\ffmpeg2010good\IVFDPlayer\IVFDActiveXN\IVFDActiveXN\Debug\mt.read.1.tlog
D:\develop_c++\ffmpeg2010good\IVFDPlayer\IVFDActiveXN\IVFDActiveXN\Debug\mt.write.1.tlog
D:\DEVELOP_C++\FFMPEG2010GOOD\IVFDPLAYER\IVFDACTIVEXN\IVFDACTIVEXN\DEBUG\QRC_IVFDACTIVEXN.OBJ
D:\develop_c++\ffmpeg2010good\IVFDPlayer\IVFDActiveXN\IVFDActiveXN\Debug\rc.command.1.tlog
D:\develop_c++\ffmpeg2010good\IVFDPlayer\IVFDActiveXN\IVFDActiveXN\Debug\rc.read.1.tlog
D:\develop_c++\ffmpeg2010good\IVFDPlayer\IVFDActiveXN\IVFDActiveXN\Debug\rc.write.1.tlog
D:\DEVELOP_C++\FFMPEG2010GOOD\IVFDPLAYER\IVFDACTIVEXN\IVFDACTIVEXN\DEBUG\VC100.PDB
D:\DEVELOP_C++\FFMPEG2010GOOD\IVFDPLAYER\IVFDACTIVEXN\IVFDACTIVEXN\GENERATEDFILES\DEBUG\MOC_CHANELWIDGET.CPP
D:\DEVELOP_C++\FFMPEG2010GOOD\IVFDPLAYER\IVFDACTIVEXN\IVFDACTIVEXN\GENERATEDFILES\DEBUG\MOC_IVFDACTIVEXN.CPP
D:\DEVELOP_C++\FFMPEG2010GOOD\IVFDPLAYER\IVFDACTIVEXN\IVFDACTIVEXN\GENERATEDFILES\DEBUG\MOC_IVFDCALIBRATE.CPP
D:\DEVELOP_C++\FFMPEG2010GOOD\IVFDPLAYER\IVFDACTIVEXN\IVFDACTIVEXN\GENERATEDFILES\DEBUG\MOC_IVFDCHART.CPP
D:\DEVELOP_C++\FFMPEG2010GOOD\IVFDPLAYER\IVFDACTIVEXN\IVFDACTIVEXN\GENERATEDFILES\DEBUG\MOC_IVFDCOMMAND.CPP
D:\DEVELOP_C++\FFMPEG2010GOOD\IVFDPLAYER\IVFDACTIVEXN\IVFDACTIVEXN\GENERATEDFILES\DEBUG\MOC_IVFDDATABASE.CPP
D:\DEVELOP_C++\FFMPEG2010GOOD\IVFDPLAYER\IVFDACTIVEXN\IVFDACTIVEXN\GENERATEDFILES\DEBUG\MOC_IVFDDIARYQUERRY.CPP
D:\DEVELOP_C++\FFMPEG2010GOOD\IVFDPLAYER\IVFDACTIVEXN\IVFDACTIVEXN\GENERATEDFILES\DEBUG\MOC_IVFDRTSPPLAYER.CPP
D:\DEVELOP_C++\FFMPEG2010GOOD\IVFDPLAYER\IVFDACTIVEXN\IVFDACTIVEXN\GENERATEDFILES\DEBUG\MOC_IVFDSELFREBOOTSET.CPP
D:\DEVELOP_C++\FFMPEG2010GOOD\IVFDPLAYER\IVFDACTIVEXN\IVFDACTIVEXN\GENERATEDFILES\DEBUG\MOC_IVFDTCPCLIENT.CPP
D:\DEVELOP_C++\FFMPEG2010GOOD\IVFDPLAYER\IVFDACTIVEXN\IVFDACTIVEXN\GENERATEDFILES\DEBUG\MOC_IVFDTCPSERVER.CPP
D:\DEVELOP_C++\FFMPEG2010GOOD\IVFDPLAYER\IVFDACTIVEXN\IVFDACTIVEXN\GENERATEDFILES\DEBUG\MOC_LOGINWIDGET.CPP
D:\DEVELOP_C++\FFMPEG2010GOOD\IVFDPLAYER\IVFDACTIVEXN\IVFDACTIVEXN\GENERATEDFILES\QRC_IVFDACTIVEXN.CPP
D:\DEVELOP_C++\FFMPEG2010GOOD\IVFDPLAYER\IVFDACTIVEXN\IVFDACTIVEXN\GENERATEDFILES\UI_CHANELWIDGET.H
D:\DEVELOP_C++\FFMPEG2010GOOD\IVFDPLAYER\IVFDACTIVEXN\IVFDACTIVEXN\GENERATEDFILES\UI_IVFDACTIVEXINIT.H
D:\DEVELOP_C++\FFMPEG2010GOOD\IVFDPLAYER\IVFDACTIVEXN\IVFDACTIVEXN\GENERATEDFILES\UI_IVFDACTIVEXN.H
D:\DEVELOP_C++\FFMPEG2010GOOD\IVFDPLAYER\IVFDACTIVEXN\IVFDACTIVEXN\GENERATEDFILES\UI_IVFDCALIBRATE.H
D:\DEVELOP_C++\FFMPEG2010GOOD\IVFDPLAYER\IVFDACTIVEXN\IVFDACTIVEXN\GENERATEDFILES\UI_IVFDCOMMAND.H
D:\DEVELOP_C++\FFMPEG2010GOOD\IVFDPLAYER\IVFDACTIVEXN\IVFDACTIVEXN\GENERATEDFILES\UI_IVFDDIARYQUERRY.H
D:\DEVELOP_C++\FFMPEG2010GOOD\IVFDPLAYER\IVFDACTIVEXN\IVFDACTIVEXN\GENERATEDFILES\UI_IVFDSELFREBOOTSET.H
D:\DEVELOP_C++\FFMPEG2010GOOD\IVFDPLAYER\IVFDACTIVEXN\WIN32\DEBUG\IVFDACTIVEXN.EXE
D:\DEVELOP_C++\FFMPEG2010GOOD\IVFDPLAYER\IVFDACTIVEXN\WIN32\DEBUG\IVFDACTIVEXN.ILK
D:\DEVELOP_C++\FFMPEG2010GOOD\IVFDPLAYER\IVFDACTIVEXN\WIN32\DEBUG\IVFDACTIVEXN.PDB
