D:\DEVELOP_C++\FFMPEG2010GOOD\IVFDPLAYER\IVFDACTIVEXN\IVFDACTIVEXN\GENERATEDFILES\QRC_IVFDACTIVEXN.CPP
D:\DEVELOP_C++\FFMPEG2010GOOD\IVFDPLAYER\IVFDACTIVEXN\IVFDACTIVEXN\GENERATEDFILES\RELEASE\MOC_CHANELWIDGET.CPP
D:\DEVELOP_C++\FFMPEG2010GOOD\IVFDPLAYER\IVFDACTIVEXN\IVFDACTIVEXN\GENERATEDFILES\RELEASE\MOC_IVFDACTIVEXN.CPP
D:\DEVELOP_C++\FFMPEG2010GOOD\IVFDPLAYER\IVFDACTIVEXN\IVFDACTIVEXN\GENERATEDFILES\RELEASE\MOC_IVFDRTSPPLAYER.CPP
D:\DEVELOP_C++\FFMPEG2010GOOD\IVFDPLAYER\IVFDACTIVEXN\IVFDACTIVEXN\GENERATEDFILES\RELEASE\MOC_IVFDTCPCLIENT.CPP
D:\DEVELOP_C++\FFMPEG2010GOOD\IVFDPLAYER\IVFDACTIVEXN\IVFDACTIVEXN\GENERATEDFILES\RELEASE\MOC_IVFDTCPSERVER.CPP
D:\DEVELOP_C++\FFMPEG2010GOOD\IVFDPLAYER\IVFDACTIVEXN\IVFDACTIVEXN\GENERATEDFILES\UI_CHANELWIDGET.H
D:\DEVELOP_C++\FFMPEG2010GOOD\IVFDPLAYER\IVFDACTIVEXN\IVFDACTIVEXN\GENERATEDFILES\UI_IVFDACTIVEXINIT.H
D:\DEVELOP_C++\FFMPEG2010GOOD\IVFDPLAYER\IVFDACTIVEXN\IVFDACTIVEXN\GENERATEDFILES\UI_IVFDACTIVEXN.H
D:\DEVELOP_C++\FFMPEG2010GOOD\IVFDPLAYER\IVFDACTIVEXN\IVFDACTIVEXN\RELEASE\CHANELWIDGET.OBJ
D:\develop_c++\ffmpeg2010good\IVFDPlayer\IVFDActiveXN\IVFDActiveXN\Release\cl.command.1.tlog
D:\develop_c++\ffmpeg2010good\IVFDPlayer\IVFDActiveXN\IVFDActiveXN\Release\CL.read.1.tlog
D:\develop_c++\ffmpeg2010good\IVFDPlayer\IVFDActiveXN\IVFDActiveXN\Release\CL.write.1.tlog
D:\develop_c++\ffmpeg2010good\IVFDPlayer\IVFDActiveXN\IVFDActiveXN\Release\custombuild.command.1.tlog
D:\develop_c++\ffmpeg2010good\IVFDPlayer\IVFDActiveXN\IVFDActiveXN\Release\custombuild.read.1.tlog
D:\develop_c++\ffmpeg2010good\IVFDPlayer\IVFDActiveXN\IVFDActiveXN\Release\custombuild.write.1.tlog
D:\DEVELOP_C++\FFMPEG2010GOOD\IVFDPLAYER\IVFDACTIVEXN\IVFDACTIVEXN\RELEASE\IVFDACTIVEXN.EXE.INTERMEDIATE.MANIFEST
D:\DEVELOP_C++\FFMPEG2010GOOD\IVFDPLAYER\IVFDACTIVEXN\IVFDACTIVEXN\RELEASE\IVFDACTIVEXN.OBJ
D:\develop_c++\ffmpeg2010good\IVFDPlayer\IVFDActiveXN\IVFDActiveXN\Release\IVFDActiveXN.vcxprojResolveAssemblyReference.cache
D:\develop_c++\ffmpeg2010good\IVFDPlayer\IVFDActiveXN\IVFDActiveXN\Release\IVFDActiveXN.write.1.tlog
D:\DEVELOP_C++\FFMPEG2010GOOD\IVFDPLAYER\IVFDACTIVEXN\IVFDACTIVEXN\RELEASE\IVFDRTSPPLAYER.OBJ
D:\DEVELOP_C++\FFMPEG2010GOOD\IVFDPLAYER\IVFDACTIVEXN\IVFDACTIVEXN\RELEASE\IVFDTCPCLIENT.OBJ
D:\DEVELOP_C++\FFMPEG2010GOOD\IVFDPLAYER\IVFDACTIVEXN\IVFDACTIVEXN\RELEASE\IVFDTCPSERVER.OBJ
D:\develop_c++\ffmpeg2010good\IVFDPlayer\IVFDActiveXN\IVFDActiveXN\Release\link.command.1.tlog
D:\develop_c++\ffmpeg2010good\IVFDPlayer\IVFDActiveXN\IVFDActiveXN\Release\link.read.1.tlog
D:\develop_c++\ffmpeg2010good\IVFDPlayer\IVFDActiveXN\IVFDActiveXN\Release\link.write.1.tlog
D:\DEVELOP_C++\FFMPEG2010GOOD\IVFDPLAYER\IVFDACTIVEXN\IVFDACTIVEXN\RELEASE\MAIN.OBJ
D:\DEVELOP_C++\FFMPEG2010GOOD\IVFDPLAYER\IVFDACTIVEXN\IVFDACTIVEXN\RELEASE\MOC_CHANELWIDGET.OBJ
D:\DEVELOP_C++\FFMPEG2010GOOD\IVFDPLAYER\IVFDACTIVEXN\IVFDACTIVEXN\RELEASE\MOC_IVFDACTIVEXN.OBJ
D:\DEVELOP_C++\FFMPEG2010GOOD\IVFDPLAYER\IVFDACTIVEXN\IVFDACTIVEXN\RELEASE\MOC_IVFDRTSPPLAYER.OBJ
D:\DEVELOP_C++\FFMPEG2010GOOD\IVFDPLAYER\IVFDACTIVEXN\IVFDACTIVEXN\RELEASE\MOC_IVFDTCPCLIENT.OBJ
D:\DEVELOP_C++\FFMPEG2010GOOD\IVFDPLAYER\IVFDACTIVEXN\IVFDACTIVEXN\RELEASE\MOC_IVFDTCPSERVER.OBJ
D:\develop_c++\ffmpeg2010good\IVFDPlayer\IVFDActiveXN\IVFDActiveXN\Release\mt.command.1.tlog
D:\develop_c++\ffmpeg2010good\IVFDPlayer\IVFDActiveXN\IVFDActiveXN\Release\mt.read.1.tlog
D:\develop_c++\ffmpeg2010good\IVFDPlayer\IVFDActiveXN\IVFDActiveXN\Release\mt.write.1.tlog
D:\DEVELOP_C++\FFMPEG2010GOOD\IVFDPLAYER\IVFDACTIVEXN\IVFDACTIVEXN\RELEASE\QRC_IVFDACTIVEXN.OBJ
D:\DEVELOP_C++\FFMPEG2010GOOD\IVFDPLAYER\IVFDACTIVEXN\WIN32\RELEASE\IVFDACTIVEXN.EXE
