Build started 2018/12/2 17:07:30.
     1>Project "D:\develop_c++\ffmpeg2010good\IVFDPlayer\IVFDActiveXN\IVFDActiveXN\IVFDActiveXN.vcxproj" on node 2 (build target(s)).
     1>InitializeBuildStatus:
         Creating "Release\IVFDActiveXN.unsuccessfulbuild" because "AlwaysCreate" was specified.
       CustomBuild:
         All outputs are up-to-date.
       ClCompile:
         C:\Program Files (x86)\Microsoft Visual Studio 10.0\VC\bin\CL.exe /c /I.\GeneratedFiles /I. /IC:\Qt\Qt5.4.1\5.4\msvc2010_opengl\include /I.\GeneratedFiles\Release /IC:\Qt\Qt5.4.1\5.4\msvc2010_opengl\include\QtCore /IC:\Qt\Qt5.4.1\5.4\msvc2010_opengl\include\QtGui /IC:\Qt\Qt5.4.1\5.4\msvc2010_opengl\include\QtNetwork /IC:\Qt\Qt5.4.1\5.4\msvc2010_opengl\include\QtWidgets /ID:\develop_c++\ffmpeg2010good\IVFDPlayer\IVFDActiveXN\IVFDActiveXN\ffmpeg\include /nologo /W1 /WX- /Ox /Oy- /D UNICODE /D WIN32 /D WIN64 /D QT_DLL /D QT_NO_DEBUG /D NDEBUG /D QT_CORE_LIB /D QT_GUI_LIB /D QT_NETWORK_LIB /D QT_WIDGETS_LIB /Gm- /EHsc /MD /GS /fp:precise /Zc:wchar_t /Zc:forScope /Fo"Release\\" /Fd"Release\vc100.pdb" /Gd /TP /analyze- /errorReport:prompt IVFDRtspPlayer.cpp
         IVFDRtspPlayer.cpp
         All outputs are up-to-date.
       Link:
         C:\Program Files (x86)\Microsoft Visual Studio 10.0\VC\bin\link.exe /ERRORREPORT:PROMPT /OUT:"D:\develop_c++\ffmpeg2010good\IVFDPlayer\IVFDActiveXN\Win32\Release\\IVFDActiveXN.exe" /NOLOGO /LIBPATH:C:\Qt\Qt5.4.1\5.4\msvc2010_opengl\lib /LIBPATH:D:\develop_c++\ffmpeg2010good\IVFDPlayer\IVFDActiveXN\IVFDActiveXN\ffmpeg\lib qtmain.lib Qt5Core.lib Qt5Gui.lib Qt5Network.lib Qt5Widgets.lib avcodec.lib avdevice.lib avfilter.lib avformat.lib avutil.lib postproc.lib swresample.lib swscale.lib kernel32.lib user32.lib gdi32.lib winspool.lib comdlg32.lib advapi32.lib shell32.lib ole32.lib oleaut32.lib uuid.lib odbc32.lib odbccp32.lib /MANIFEST /ManifestFile:"Release\IVFDActiveXN.exe.intermediate.manifest" /MANIFESTUAC:"level='asInvoker' uiAccess='false'" /PDB:"D:\develop_c++\ffmpeg2010good\IVFDPlayer\IVFDActiveXN\Win32\Release\IVFDActiveXN.pdb" /SUBSYSTEM:WINDOWS /TLBID:1 /DYNAMICBASE /NXCOMPAT /IMPLIB:"D:\develop_c++\ffmpeg2010good\IVFDPlayer\IVFDActiveXN\Win32\Release\IVFDActiveXN.lib" /MACHINE:X86 Release\ChanelWidget.obj
         Release\qrc_IVFDActiveXN.obj
         Release\moc_ChanelWidget.obj
         Release\moc_IVFDActiveXN.obj
         Release\moc_IVFDRtspPlayer.obj
         Release\moc_IVFDTcpClient.obj
         Release\moc_IVFDTcpServer.obj
         Release\IVFDActiveXN.obj
         Release\IVFDRtspPlayer.obj
         Release\IVFDTcpClient.obj
         Release\IVFDTcpServer.obj
         Release\main.obj
         IVFDActiveXN.vcxproj -> D:\develop_c++\ffmpeg2010good\IVFDPlayer\IVFDActiveXN\Win32\Release\IVFDActiveXN.exe
       Manifest:
         C:\Program Files (x86)\Microsoft SDKs\Windows\v7.0A\bin\mt.exe /nologo /verbose /outputresource:"D:\develop_c++\ffmpeg2010good\IVFDPlayer\IVFDActiveXN\Win32\Release\\IVFDActiveXN.exe;#1" /manifest Release\IVFDActiveXN.exe.intermediate.manifest
       FinalizeBuildStatus:
         Deleting file "Release\IVFDActiveXN.unsuccessfulbuild".
         Touching "Release\IVFDActiveXN.lastbuildstate".
     1>Done Building Project "D:\develop_c++\ffmpeg2010good\IVFDPlayer\IVFDActiveXN\IVFDActiveXN\IVFDActiveXN.vcxproj" (build target(s)).

Build succeeded.

Time Elapsed 00:00:01.79
